<?xml version="1.0" encoding="UTF-8" ?>
<testsuite failures="1" time="0.503" errors="0" skipped="0" tests="2" name="auction.service.SellerMgrTest">
  <properties>
[...]
</properties>
  <testcase time="0.164" classname="auction.service.SellerMgrTest" name="testOfferItem"/>
  <testcase time="0.336" classname="auction.service.SellerMgrTest" name="testRevokeItem">
    <failure message="expected:&lt;0&gt; but was:&lt;1&gt;" type="java.lang.AssertionError">java.lang.AssertionError: expected:&lt;0&gt; but was:&lt;1&gt;
	at org.junit.Assert.fail(Assert.java:88)
	at org.junit.Assert.failNotEquals(Assert.java:743)
	at org.junit.Assert.assertEquals(Assert.java:118)
	at org.junit.Assert.assertEquals(Assert.java:555)
	at org.junit.Assert.assertEquals(Assert.java:542)
	at auction.service.SellerMgrTest.testRevokeItem(SellerMgrTest.java:70)
	at sun.reflect.NativeMethodAccessorImpl.invoke0(Native Method)
	at sun.reflect.NativeMethodAccessorImpl.invoke(NativeMethodAccessorImpl.java:57)
	at sun.reflect.DelegatingMethodAccessorImpl.invoke(DelegatingMethodAccessorImpl.java:43)
	at java.lang.reflect.Method.invoke(Method.java:606)
	at org.junit.runners.model.FrameworkMethod$1.runReflectiveCall(FrameworkMethod.java:47)
	at org.junit.internal.runners.model.ReflectiveCallable.run(ReflectiveCallable.java:12)
	at org.junit.runners.model.FrameworkMethod.invokeExplosively(FrameworkMethod.java:44)
	at org.junit.internal.runners.statements.InvokeMethod.evaluate(InvokeMethod.java:17)
	at org.junit.internal.runners.statements.RunBefores.evaluate(RunBefores.java:26)
	at org.junit.runners.ParentRunner.runLeaf(ParentRunner.java:271)
	at org.junit.runners.BlockJUnit4ClassRunner.runChild(BlockJUnit4ClassRunner.java:70)
	at org.junit.runners.BlockJUnit4ClassRunner.runChild(BlockJUnit4ClassRunner.java:50)
	at org.junit.runners.ParentRunner$3.run(ParentRunner.java:238)
	at org.junit.runners.ParentRunner$1.schedule(ParentRunner.java:63)
	at org.junit.runners.ParentRunner.runChildren(ParentRunner.java:236)
	at org.junit.runners.ParentRunner.access$000(ParentRunner.java:53)
	at org.junit.runners.ParentRunner$2.evaluate(ParentRunner.java:229)
	at org.junit.runners.ParentRunner.run(ParentRunner.java:309)
	at org.apache.maven.surefire.junit4.JUnit4TestSet.execute(JUnit4TestSet.java:53)
	at org.apache.maven.surefire.junit4.JUnit4Provider.executeTestSet(JUnit4Provider.java:123)
	at org.apache.maven.surefire.junit4.JUnit4Provider.invoke(JUnit4Provider.java:104)
	at sun.reflect.NativeMethodAccessorImpl.invoke0(Native Method)
	at sun.reflect.NativeMethodAccessorImpl.invoke(NativeMethodAccessorImpl.java:57)
	at sun.reflect.DelegatingMethodAccessorImpl.invoke(DelegatingMethodAccessorImpl.java:43)
	at java.lang.reflect.Method.invoke(Method.java:606)
	at org.apache.maven.surefire.util.ReflectionUtils.invokeMethodWithArray(ReflectionUtils.java:164)
	at org.apache.maven.surefire.booter.ProviderFactory$ProviderProxy.invoke(ProviderFactory.java:110)
	at org.apache.maven.surefire.booter.SurefireStarter.invokeProvider(SurefireStarter.java:175)
	at org.apache.maven.surefire.booter.SurefireStarter.runSuitesInProcessWhenForked(SurefireStarter.java:107)
	at org.apache.maven.surefire.booter.ForkedBooter.main(ForkedBooter.java:68)
</failure>
    <system-out>before seller[EL Fine]: sql: 2014-05-26 14:14:13.537--ClientSession(496507754)--Connection(719174679)--Thread(Thread[main,5,main])--SET FOREIGN_KEY_CHECKS=0;
[EL Fine]: sql: 2014-05-26 14:14:13.538--ClientSession(496507754)--Connection(719174679)--Thread(Thread[main,5,main])--DELETE FROM USER
[EL Fine]: sql: 2014-05-26 14:14:13.54--ClientSession(496507754)--Connection(719174679)--Thread(Thread[main,5,main])--SET FOREIGN_KEY_CHECKS=1;
[EL Fine]: sql: 2014-05-26 14:14:13.569--ServerSession(2113737065)--Connection(719174679)--Thread(Thread[main,5,main])--SELECT EMAIL FROM USER WHERE (EMAIL = ?)
	bind =&gt; [sel@nl]
[EL Fine]: sql: 2014-05-26 14:14:13.571--ServerSession(2113737065)--Connection(719174679)--Thread(Thread[main,5,main])--SELECT EMAIL FROM USER WHERE (EMAIL = ?)
	bind =&gt; [sel@nl]
[EL Fine]: sql: 2014-05-26 14:14:13.574--ClientSession(1808471047)--Connection(719174679)--Thread(Thread[main,5,main])--INSERT INTO USER (EMAIL) VALUES (?)
	bind =&gt; [sel@nl]
[EL Fine]: sql: 2014-05-26 14:14:13.604--ServerSession(2113737065)--Connection(719174679)--Thread(Thread[main,5,main])--SELECT EMAIL FROM USER WHERE (EMAIL = ?)
	bind =&gt; [buy@nl]
[EL Fine]: sql: 2014-05-26 14:14:13.606--ServerSession(2113737065)--Connection(719174679)--Thread(Thread[main,5,main])--SELECT EMAIL FROM USER WHERE (EMAIL = ?)
	bind =&gt; [buy@nl]
[EL Fine]: sql: 2014-05-26 14:14:13.609--ClientSession(1808471047)--Connection(719174679)--Thread(Thread[main,5,main])--INSERT INTO USER (EMAIL) VALUES (?)
	bind =&gt; [buy@nl]
[EL Fine]: sql: 2014-05-26 14:14:13.655--ServerSession(2113737065)--Connection(719174679)--Thread(Thread[main,5,main])--SELECT DESCRIPTION FROM CATEGORY WHERE (DESCRIPTION = ?)
	bind =&gt; [cat1]
[EL Fine]: sql: 2014-05-26 14:14:13.66--ServerSession(2113737065)--Connection(719174679)--Thread(Thread[main,5,main])--SELECT DESCRIPTION FROM CATEGORY WHERE (DESCRIPTION = ?)
	bind =&gt; [cat1]
[EL Fine]: sql: 2014-05-26 14:14:13.662--ServerSession(2113737065)--Connection(719174679)--Thread(Thread[main,5,main])--SELECT EMAIL FROM USER WHERE (EMAIL = ?)
	bind =&gt; [sel@nl]
[EL Fine]: sql: 2014-05-26 14:14:13.664--ClientSession(1691003112)--Connection(719174679)--Thread(Thread[main,5,main])--INSERT INTO ITEM (ID, DESCRIPTION, CATEGORY_DESCRIPTION, SELLER_EMAIL, HIGHEST_ID) VALUES (?, ?, ?, ?, ?)
	bind =&gt; [5, omsch, cat1, sel@nl, null]
[EL Fine]: sql: 2014-05-26 14:14:13.69--ClientSession(1691003112)--Connection(719174679)--Thread(Thread[main,5,main])--DELETE FROM ITEM WHERE (ID = ?)
	bind =&gt; [5]
[EL Fine]: sql: 2014-05-26 14:14:13.713--ServerSession(2113737065)--Connection(719174679)--Thread(Thread[main,5,main])--SELECT ID, DESCRIPTION, CATEGORY_DESCRIPTION, SELLER_EMAIL, HIGHEST_ID FROM ITEM
[EL Fine]: sql: 2014-05-26 14:14:13.716--ServerSession(2113737065)--Connection(719174679)--Thread(Thread[main,5,main])--SELECT DESCRIPTION FROM CATEGORY WHERE (DESCRIPTION = ?)
	bind =&gt; [cat1]
[EL Fine]: sql: 2014-05-26 14:14:13.718--ServerSession(2113737065)--Connection(719174679)--Thread(Thread[main,5,main])--SELECT EMAIL FROM USER WHERE (EMAIL = ?)
	bind =&gt; [xx@nl]
</system-out>
  </testcase>
</testsuite>